# Gate 0 Pre-Assignment Audit - ENTRY-999

**Status:** PASSED
**Timestamp:** 2026-02-14T11:55:09.343Z

## Searches Conducted


### walkthroughs
- Query: ENTRY-999
- Files/Commits Checked: 65
- Matches Found: 0




### git-commits
- Query: ENTRY-999
- Files/Commits Checked: 0
- Matches Found: 0




### ledger
- Query: ENTRY-999
- Files/Commits Checked: 0
- Matches Found: 0




### brain-artifacts
- Query: ENTRY-999
- Files/Commits Checked: 0
- Matches Found: 0




## Conclusion

✅ No duplicate work detected. Safe to proceed with assignment.

---
Generated: 2026-02-14T11:55:09.691Z
